<?xml version="1.0" encoding="UTF-8"?>
<beans xmlns="http://www.springframework.org/schema/beans"
	xmlns:xsi="http://www.w3.org/2001/XMLSchema-instance" xmlns:context="http://www.springframework.org/schema/context"
	xmlns:tx="http://www.springframework.org/schema/tx" xmlns:jee="http://www.springframework.org/schema/jee"
	xsi:schemaLocation="http://www.springframework.org/schema/beans http://www.springframework.org/schema/beans/spring-beans-3.0.xsd
       http://www.springframework.org/schema/context http://www.springframework.org/schema/context/spring-context-3.0.xsd
       http://www.springframework.org/schema/tx http://www.springframework.org/schema/tx/spring-tx-3.0.xsd
       http://www.springframework.org/schema/jee http://www.springframework.org/schema/jee/spring-jee-3.0.xsd">

	<!-- Activiti JUnit 4 rule -->
	<bean id="activitiRule" class="org.activiti.engine.test.ActivitiRule">
		<property name="processEngine" ref="processEngine" />
	</bean>
	
	<!-- Mail server testing -->
	<bean id="wiserServer" class="org.subethamail.wiser.Wiser" init-method="start" destroy-method="stop">
		<property name="port" value="9898" />
	</bean>
	
</beans>